TN:
SF:src/index.ts
FN:11,pipe
FN:16,value
FN:25,pipe
FN:33,isPromise
FN:43,<static_initializer>
FN:43,callMethod
FNF:6
FNH:6
FNDA:22,pipe
FNDA:7,value
FNDA:15,pipe
FNDA:15,isPromise
FNDA:1,<static_initializer>
FNDA:15,callMethod
DA:1,1
DA:2,1
DA:3,1
DA:4,1
DA:5,1
DA:6,1
DA:7,1
DA:8,1
DA:9,1
DA:10,1
DA:11,1
DA:12,22
DA:13,22
DA:14,22
DA:15,22
DA:16,22
DA:17,22
DA:18,22
DA:19,22
DA:20,22
DA:21,22
DA:22,22
DA:23,22
DA:24,22
DA:25,22
DA:26,22
DA:27,1
DA:28,1
DA:29,1
DA:30,1
DA:31,1
DA:32,1
DA:33,1
DA:34,15
DA:35,1
DA:36,1
DA:37,1
DA:38,1
DA:39,1
DA:40,1
DA:41,1
DA:42,1
DA:43,1
DA:44,15
DA:45,15
DA:46,15
DA:47,15
DA:48,15
DA:49,15
DA:50,15
DA:51,1
DA:52,1
DA:53,1
DA:54,1
DA:55,1
DA:56,1
DA:57,1
DA:58,1
DA:59,1
DA:60,1
DA:61,1
DA:62,1
DA:63,1
DA:64,1
DA:65,1
DA:66,1
DA:67,1
DA:68,1
DA:69,1
DA:70,1
DA:71,1
DA:72,1
DA:73,1
DA:74,1
DA:75,1
DA:76,1
DA:77,1
DA:78,1
LF:78
LH:78
BRDA:11,0,0,22
BRDA:16,1,0,7
BRDA:25,2,0,15
BRDA:33,3,0,15
BRDA:43,4,0,1
BRDA:43,5,0,15
BRDA:48,6,0,10
BRDA:49,7,0,5
BRDA:50,8,0,5
BRF:9
BRH:9
end_of_record
